<?xml version="1.0" encoding="UTF-8"?>
<!-- Generated by org.testng.reporters.JUnitXMLReporter -->
<testsuite ignored="4" hostname="Anushas-MacBook-Pro.local" failures="0" tests="9" name="Regression Test-Firefox" time="7.943" errors="0" timestamp="2021-06-17T23:29:22 EDT">
  <testcase classname="test.LoginTest" name="blankPasswordValidation" time="0.305"/>
  <testcase classname="test.LoginTest" name="blankUsernameAndPasswordValidation" time="0.2"/>
  <testcase classname="test.LoginTest" name="blankUsernameValidation" time="0.24"/>
  <testcase classname="test.LoginTest" name="invalidUsernameInvalidPasswordValidation" time="0.185"/>
  <testcase classname="test.LoginTest" name="invalidUsernameValidPasswordValidation" time="0.177"/>
  <testcase classname="test.LoginTest" name="validLoginValidation" time="0.145"/>
  <testcase classname="test.LoginTest" name="validUsernameInvalidPasswordValidation" time="0.125"/>
  <testcase classname="test.BasicValidation" name="titleValidation" time="0.01"/>
  <testcase classname="test.BasicValidation" name="urlValidation" time="0.013"/>
  <testcase classname="test.Base" name="@BeforeTest beforeTest" time="0.0">
    <ignored/>
  </testcase> <!-- @BeforeTest beforeTest -->
  <testcase classname="test.Base" name="@BeforeTest beforeTest" time="0.0">
    <ignored/>
  </testcase> <!-- @BeforeTest beforeTest -->
  <testcase classname="test.Base" name="@AfterTest afterTest" time="0.0">
    <ignored/>
  </testcase> <!-- @AfterTest afterTest -->
  <testcase classname="test.Base" name="@AfterTest afterTest" time="0.0">
    <ignored/>
  </testcase> <!-- @AfterTest afterTest -->
</testsuite> <!-- Regression Test-Firefox -->
